<?xml version="1.0" encoding="UTF-8"?>
<!-- Generated by org.testng.reporters.JUnitReportReporter -->
<testsuite hostname="kotlas-MacBook-Pro.local" failures="0" tests="1" name="testNG.NewTest" time="8.153" errors="0" timestamp="2020-02-24T11:23:06 GMT-05:00" skipped="0">
  <testcase classname="testNG.NewTest" name="f" time="8.153"/>
</testsuite> <!-- testNG.NewTest -->
