<?xml version="1.0" encoding="UTF-8"?>
<!-- Generated by org.testng.reporters.JUnitReportReporter -->
<testsuite hostname="kotlas-MacBook-Pro.local" failures="0" tests="1" name="testNG.SecondClass" time="6.093" errors="0" timestamp="2020-02-24T11:28:35 GMT-05:00" skipped="0">
  <testcase classname="testNG.SecondClass" name="f" time="6.093"/>
</testsuite> <!-- testNG.SecondClass -->
